2024-09-02 02:16:56.278 [info] Log level: Info
2024-09-02 02:16:56.278 [info] Validating found git in: "git"
2024-09-02 02:16:56.278 [info] Using git "2.34.1" from "git"
2024-09-02 02:16:56.278 [info] > git rev-parse --show-toplevel [3ms]
2024-09-02 02:16:56.278 [info] fatal: not a git repository (or any of the parent directories): .git
2024-09-02 02:16:56.278 [info] > git rev-parse --show-toplevel [2ms]
2024-09-02 02:16:56.279 [info] fatal: not a git repository (or any of the parent directories): .git
2024-09-02 02:16:56.279 [info] > git rev-parse --show-toplevel [1ms]
2024-09-02 02:16:56.279 [info] fatal: not a git repository (or any of the parent directories): .git
2024-09-02 02:16:56.279 [info] > git rev-parse --show-toplevel [2ms]
2024-09-02 02:16:56.279 [info] fatal: not a git repository (or any of the parent directories): .git
2024-09-02 02:16:56.279 [info] > git rev-parse --show-toplevel [1ms]
2024-09-02 02:16:56.279 [info] fatal: not a git repository (or any of the parent directories): .git
2024-09-02 02:16:56.279 [info] > git rev-parse --show-toplevel [2ms]
2024-09-02 02:16:56.279 [info] fatal: not a git repository (or any of the parent directories): .git
2024-09-02 02:16:56.279 [info] > git rev-parse --show-toplevel [2ms]
2024-09-02 02:16:56.280 [info] fatal: not a git repository (or any of the parent directories): .git
2024-09-02 02:16:56.280 [info] > git rev-parse --show-toplevel [2ms]
2024-09-02 02:16:56.280 [info] fatal: not a git repository (or any of the parent directories): .git
2024-09-02 02:16:56.280 [info] > git rev-parse --show-toplevel [2ms]
2024-09-02 02:16:56.280 [info] fatal: not a git repository (or any of the parent directories): .git
2024-09-02 02:16:56.280 [info] > git rev-parse --show-toplevel [1ms]
2024-09-02 02:16:56.280 [info] fatal: not a git repository (or any of the parent directories): .git
2024-09-02 02:16:56.280 [info] > git rev-parse --show-toplevel [21ms]
2024-09-02 02:16:56.280 [info] fatal: not a git repository (or any of the parent directories): .git
2024-09-02 02:16:56.280 [info] > git rev-parse --show-toplevel [6ms]
2024-09-02 02:16:56.281 [info] fatal: not a git repository (or any of the parent directories): .git
2024-09-02 02:16:56.282 [info] > git rev-parse --show-toplevel [5ms]
2024-09-02 02:16:56.282 [info] fatal: not a git repository (or any of the parent directories): .git
2024-09-02 02:16:56.287 [info] > git rev-parse --show-toplevel [1ms]
2024-09-02 02:16:56.287 [info] fatal: not a git repository (or any of the parent directories): .git
2024-09-02 02:30:19.532 [info] > git rev-parse --show-toplevel [1ms]
2024-09-02 02:30:19.533 [info] fatal: not a git repository (or any of the parent directories): .git
