2024-12-28 08:33:09.067 [info] Log level: Info
2024-12-28 08:33:09.067 [info] Validating found git in: "git"
2024-12-28 08:33:09.067 [info] Using git "2.34.1" from "git"
2024-12-28 08:33:09.067 [info] > git rev-parse --show-toplevel [4ms]
2024-12-28 08:33:09.067 [info] fatal: not a git repository (or any of the parent directories): .git
2024-12-28 08:33:09.068 [info] > git rev-parse --show-toplevel [5ms]
2024-12-28 08:33:09.073 [info] > git rev-parse --path-format=relative --show-toplevel [1ms]
2024-12-28 08:33:09.077 [info] > git rev-parse --git-dir --git-common-dir [1ms]
2024-12-28 08:33:09.091 [info] Open repository: /home/dev/htdocs/klinikanyadellasis.com/app
2024-12-28 08:33:09.140 [info] > git rev-parse --show-toplevel [32ms]
2024-12-28 08:33:09.140 [info] fatal: not a git repository (or any of the parent directories): .git
2024-12-28 08:33:09.141 [info] > git config --get commit.template [42ms]
2024-12-28 08:33:09.166 [info] > git for-each-ref --format %(refname) %(objectname) %(*objectname) refs/tags [12ms]
2024-12-28 08:33:09.166 [info] > git rev-parse --show-toplevel [18ms]
2024-12-28 08:33:09.166 [info] fatal: not a git repository (or any of the parent directories): .git
2024-12-28 08:33:09.177 [info] > git rev-parse --show-toplevel [4ms]
2024-12-28 08:33:09.177 [info] fatal: not a git repository (or any of the parent directories): .git
2024-12-28 08:33:09.185 [info] > git rev-parse --show-toplevel [3ms]
2024-12-28 08:33:09.185 [info] fatal: not a git repository (or any of the parent directories): .git
2024-12-28 08:33:09.190 [info] > git rev-parse --show-toplevel [2ms]
2024-12-28 08:33:09.190 [info] fatal: not a git repository (or any of the parent directories): .git
2024-12-28 08:33:09.195 [info] > git rev-parse --show-toplevel [1ms]
2024-12-28 08:33:09.195 [info] fatal: not a git repository (or any of the parent directories): .git
2024-12-28 08:33:09.203 [info] > git rev-parse --show-toplevel [1ms]
2024-12-28 08:33:09.203 [info] fatal: not a git repository (or any of the parent directories): .git
2024-12-28 08:33:09.212 [info] > git rev-parse --show-toplevel [1ms]
2024-12-28 08:33:09.212 [info] fatal: not a git repository (or any of the parent directories): .git
2024-12-28 08:33:09.225 [info] > git rev-parse --show-toplevel [0ms]
2024-12-28 08:33:09.225 [info] fatal: not a git repository (or any of the parent directories): .git
2024-12-28 08:33:09.232 [info] > git rev-parse --show-toplevel [0ms]
2024-12-28 08:33:09.232 [info] fatal: not a git repository (or any of the parent directories): .git
2024-12-28 08:33:09.239 [info] > git rev-parse --show-toplevel [2ms]
2024-12-28 08:33:09.239 [info] fatal: not a git repository (or any of the parent directories): .git
2024-12-28 08:33:09.246 [info] > git rev-parse --show-toplevel [1ms]
2024-12-28 08:33:09.246 [info] fatal: not a git repository (or any of the parent directories): .git
2024-12-28 08:33:09.252 [info] > git rev-parse --show-toplevel [1ms]
2024-12-28 08:33:09.252 [info] fatal: not a git repository (or any of the parent directories): .git
2024-12-28 08:33:09.256 [info] > git rev-parse --show-toplevel [0ms]
2024-12-28 08:33:09.256 [info] fatal: not a git repository (or any of the parent directories): .git
2024-12-28 08:33:09.272 [info] > git show -s --format=%H%n%aN%n%aE%n%at%n%ct%n%P%n%D%n%B -z dafd22ce84a42a4dbe6da2eeaf26529afa01931f [107ms]
2024-12-28 08:33:09.506 [info] > git status -z -uall [229ms]
2024-12-28 08:33:09.551 [info] > git for-each-ref --format %(refname) %(objectname) %(*objectname) refs/tags [5ms]
2024-12-28 08:33:09.551 [info] > git config --get commit.template [11ms]
2024-12-28 08:33:09.561 [info] > git show -s --format=%H%n%aN%n%aE%n%at%n%ct%n%P%n%D%n%B -z dafd22ce84a42a4dbe6da2eeaf26529afa01931f [11ms]
2024-12-28 08:33:09.596 [info] > git status -z -uall [33ms]
2024-12-28 08:33:09.910 [info] > git check-ignore -v -z --stdin [13ms]
2024-12-28 08:33:10.023 [info] > git fetch [932ms]
2024-12-28 08:33:10.032 [info] > git for-each-ref --format %(refname) %(objectname) %(*objectname) refs/tags [3ms]
2024-12-28 08:33:10.032 [info] > git config --get commit.template [6ms]
2024-12-28 08:33:10.038 [info] > git show -s --format=%H%n%aN%n%aE%n%at%n%ct%n%P%n%D%n%B -z dafd22ce84a42a4dbe6da2eeaf26529afa01931f [6ms]
2024-12-28 08:33:10.064 [info] > git status -z -uall [24ms]
2024-12-28 08:33:10.113 [info] > git show --textconv :app/Http/Middleware/UserMiddleware.php [6ms]
2024-12-28 08:33:10.115 [info] > git ls-files --stage -- /home/dev/htdocs/klinikanyadellasis.com/app/app/Http/Middleware/UserMiddleware.php [3ms]
2024-12-28 08:33:10.120 [info] > git cat-file -s 65343d4182f5f24d8ba9a1ce4d84b4359103b9fd [2ms]
2024-12-28 08:33:16.002 [info] > git check-ignore -v -z --stdin [3ms]
2024-12-28 08:33:34.335 [info] > git rev-parse --show-toplevel [1ms]
2024-12-28 08:33:34.340 [info] > git rev-parse --git-dir --git-common-dir [1ms]
2024-12-28 08:33:34.347 [info] Open repository: /home/dev
2024-12-28 08:33:34.352 [info] > git fetch [5ms]
2024-12-28 08:33:34.357 [info] > git config --get commit.template [5ms]
2024-12-28 08:33:34.362 [info] No remotes found in the git config file.
2024-12-28 08:33:34.363 [info] > git config --get commit.template [5ms]
2024-12-28 08:33:34.363 [info] > git for-each-ref --format=%(refname)%00%(upstream:short)%00%(objectname)%00%(upstream:track)%00%(upstream:remotename)%00%(upstream:remoteref) refs/heads/master refs/remotes/master [1ms]
2024-12-28 08:33:34.363 [warning] No such branch: master.
2024-12-28 08:33:34.370 [info] No remotes found in the git config file.
2024-12-28 08:33:34.374 [info] > git for-each-ref --format=%(refname)%00%(upstream:short)%00%(objectname)%00%(upstream:track)%00%(upstream:remotename)%00%(upstream:remoteref) refs/heads/master refs/remotes/master [4ms]
2024-12-28 08:33:34.374 [warning] No such branch: master.
2024-12-28 08:33:34.375 [info] > git config --get commit.template [2ms]
2024-12-28 08:33:34.379 [info] No remotes found in the git config file.
2024-12-28 08:33:34.380 [info] > git for-each-ref --format=%(refname)%00%(upstream:short)%00%(objectname)%00%(upstream:track)%00%(upstream:remotename)%00%(upstream:remoteref) refs/heads/master refs/remotes/master [1ms]
2024-12-28 08:33:34.380 [warning] No such branch: master.
2024-12-28 08:33:34.420 [info] > git status -z -uall [36ms]
2024-12-28 08:33:35.100 [info] > git check-ignore -v -z --stdin [5ms]
2024-12-28 08:33:35.101 [info] > git check-ignore -v -z --stdin [2ms]
2024-12-28 08:33:35.755 [info] > git ls-files --stage -- /home/dev/htdocs/klinikanyadellasis.com/app/app/Http/Middleware/UserMiddleware.php [5ms]
2024-12-28 08:33:35.760 [info] > git cat-file -s 65343d4182f5f24d8ba9a1ce4d84b4359103b9fd [3ms]
2024-12-28 08:33:35.930 [info] > git show --textconv :app/Http/Middleware/UserMiddleware.php [2ms]
2024-12-28 08:33:39.036 [info] No remotes found in the git config file.
2024-12-28 08:33:39.036 [info] > git config --get commit.template [3ms]
2024-12-28 08:33:39.037 [info] > git for-each-ref --format=%(refname)%00%(upstream:short)%00%(objectname)%00%(upstream:track)%00%(upstream:remotename)%00%(upstream:remoteref) refs/heads/master refs/remotes/master [2ms]
2024-12-28 08:33:39.037 [warning] No such branch: master.
2024-12-28 08:33:39.058 [info] > git status -z -uall [19ms]
2024-12-28 08:33:44.090 [info] No remotes found in the git config file.
2024-12-28 08:33:44.090 [info] > git config --get commit.template [5ms]
2024-12-28 08:33:44.092 [info] > git for-each-ref --format=%(refname)%00%(upstream:short)%00%(objectname)%00%(upstream:track)%00%(upstream:remotename)%00%(upstream:remoteref) refs/heads/master refs/remotes/master [3ms]
2024-12-28 08:33:44.092 [warning] No such branch: master.
2024-12-28 08:33:44.117 [info] > git status -z -uall [23ms]
