2024-09-03 07:55:03.748 [info] Log level: Info
2024-09-03 07:55:03.749 [info] Validating found git in: "git"
2024-09-03 07:55:03.749 [info] Using git "2.34.1" from "git"
2024-09-03 07:55:03.755 [info] > git rev-parse --show-toplevel [10ms]
2024-09-03 07:55:03.755 [info] fatal: not a git repository (or any of the parent directories): .git
2024-09-03 07:55:03.760 [info] > git rev-parse --show-toplevel [1ms]
2024-09-03 07:55:03.760 [info] fatal: not a git repository (or any of the parent directories): .git
2024-09-03 07:55:03.764 [info] > git rev-parse --show-toplevel [1ms]
2024-09-03 07:55:03.764 [info] fatal: not a git repository (or any of the parent directories): .git
2024-09-03 07:55:03.769 [info] > git rev-parse --show-toplevel [2ms]
2024-09-03 07:55:03.769 [info] fatal: not a git repository (or any of the parent directories): .git
2024-09-03 07:55:03.773 [info] > git rev-parse --show-toplevel [1ms]
2024-09-03 07:55:03.773 [info] fatal: not a git repository (or any of the parent directories): .git
2024-09-03 07:55:03.779 [info] > git rev-parse --show-toplevel [1ms]
2024-09-03 07:55:03.779 [info] fatal: not a git repository (or any of the parent directories): .git
2024-09-03 07:55:03.782 [info] > git rev-parse --show-toplevel [1ms]
2024-09-03 07:55:03.782 [info] fatal: not a git repository (or any of the parent directories): .git
2024-09-03 07:55:03.787 [info] > git rev-parse --show-toplevel [2ms]
2024-09-03 07:55:03.787 [info] fatal: not a git repository (or any of the parent directories): .git
2024-09-03 07:55:03.792 [info] > git rev-parse --show-toplevel [2ms]
2024-09-03 07:55:03.792 [info] fatal: not a git repository (or any of the parent directories): .git
2024-09-03 07:55:03.796 [info] > git rev-parse --show-toplevel [2ms]
2024-09-03 07:55:03.796 [info] fatal: not a git repository (or any of the parent directories): .git
2024-09-03 07:55:03.800 [info] > git rev-parse --show-toplevel [2ms]
2024-09-03 07:55:03.800 [info] fatal: not a git repository (or any of the parent directories): .git
2024-09-03 07:55:03.806 [info] > git rev-parse --show-toplevel [1ms]
2024-09-03 07:55:03.806 [info] fatal: not a git repository (or any of the parent directories): .git
2024-09-03 07:55:03.812 [info] > git rev-parse --show-toplevel [1ms]
2024-09-03 07:55:03.812 [info] fatal: not a git repository (or any of the parent directories): .git
2024-09-03 07:55:03.841 [info] > git rev-parse --show-toplevel [27ms]
2024-09-03 07:55:03.841 [info] fatal: not a git repository (or any of the parent directories): .git
2024-09-03 07:55:03.849 [info] > git rev-parse --show-toplevel [2ms]
2024-09-03 07:55:03.849 [info] fatal: not a git repository (or any of the parent directories): .git
2024-09-03 07:55:04.485 [info] > git rev-parse --show-toplevel [2ms]
2024-09-03 07:55:04.485 [info] fatal: not a git repository (or any of the parent directories): .git
2024-09-03 07:55:16.135 [info] > git rev-parse --show-toplevel [5ms]
2024-09-03 07:55:16.139 [info] > git rev-parse --path-format=relative --show-toplevel [1ms]
2024-09-03 07:55:16.145 [info] > git rev-parse --git-dir --git-common-dir [3ms]
2024-09-03 07:55:16.159 [info] Open repository: /home/dev/htdocs/klinikanyadellasis.com/app
2024-09-03 07:55:16.166 [info] > git config --get commit.template [1ms]
2024-09-03 07:55:16.176 [info] > git for-each-ref --format %(refname) %(objectname) %(*objectname) refs/tags [7ms]
2024-09-03 07:55:16.233 [info] > git show -s --format=%H%n%aN%n%aE%n%at%n%ct%n%P%n%D%n%B -z dafd22ce84a42a4dbe6da2eeaf26529afa01931f [58ms]
2024-09-03 07:55:16.426 [info] > git status -z -uall [189ms]
2024-09-03 07:55:16.473 [info] > git for-each-ref --format %(refname) %(objectname) %(*objectname) refs/tags [3ms]
2024-09-03 07:55:16.473 [info] > git config --get commit.template [19ms]
2024-09-03 07:55:16.480 [info] > git show -s --format=%H%n%aN%n%aE%n%at%n%ct%n%P%n%D%n%B -z dafd22ce84a42a4dbe6da2eeaf26529afa01931f [7ms]
2024-09-03 07:55:16.507 [info] > git status -z -uall [25ms]
2024-09-03 07:55:16.956 [info] > git check-ignore -v -z --stdin [5ms]
2024-09-03 07:55:16.975 [info] > git show --textconv :app/Http/Middleware/UserMiddleware.php [7ms]
2024-09-03 07:55:16.979 [info] > git ls-files --stage -- /home/dev/htdocs/klinikanyadellasis.com/app/app/Http/Middleware/UserMiddleware.php [5ms]
2024-09-03 07:55:16.984 [info] > git cat-file -s 65343d4182f5f24d8ba9a1ce4d84b4359103b9fd [2ms]
2024-09-03 07:55:24.863 [info] > git fetch [8705ms]
2024-09-03 07:55:24.863 [info] From https://github.com/starduststr/klinik-anyadellasis
   af28fa9..d818f6b  main       -> origin/main
2024-09-03 07:55:24.872 [info] > git for-each-ref --format %(refname) %(objectname) %(*objectname) refs/tags [3ms]
2024-09-03 07:55:24.872 [info] > git config --get commit.template [6ms]
2024-09-03 07:55:24.878 [info] > git show -s --format=%H%n%aN%n%aE%n%at%n%ct%n%P%n%D%n%B -z dafd22ce84a42a4dbe6da2eeaf26529afa01931f [7ms]
2024-09-03 07:55:24.906 [info] > git status -z -uall [26ms]
2024-09-03 07:55:26.124 [info] > git config --get commit.template [6ms]
2024-09-03 07:55:26.125 [info] > git for-each-ref --format %(refname) %(objectname) %(*objectname) refs/tags [3ms]
2024-09-03 07:55:26.130 [info] > git show -s --format=%H%n%aN%n%aE%n%at%n%ct%n%P%n%D%n%B -z dafd22ce84a42a4dbe6da2eeaf26529afa01931f [6ms]
2024-09-03 07:55:26.160 [info] > git status -z -uall [27ms]
2024-09-03 07:55:26.335 [info] > git ls-files --stage -- /home/dev/htdocs/klinikanyadellasis.com/app/app/Http/Middleware/UserMiddleware.php [2ms]
2024-09-03 07:55:26.342 [info] > git cat-file -s 65343d4182f5f24d8ba9a1ce4d84b4359103b9fd [3ms]
2024-09-03 07:55:26.411 [info] > git show --textconv :app/Http/Middleware/UserMiddleware.php [2ms]
2024-09-03 07:55:31.765 [info] > git for-each-ref --format %(refname) %(objectname) %(*objectname) refs/tags [5ms]
2024-09-03 07:55:31.781 [info] > git config --get commit.template [23ms]
2024-09-03 07:55:31.781 [info] > git show -s --format=%H%n%aN%n%aE%n%at%n%ct%n%P%n%D%n%B -z dafd22ce84a42a4dbe6da2eeaf26529afa01931f [17ms]
2024-09-03 07:55:31.820 [info] > git status -z -uall [36ms]
2024-09-03 07:58:25.483 [info] > git fetch [563ms]
2024-09-03 07:58:25.493 [info] > git for-each-ref --format %(refname) %(objectname) %(*objectname) refs/tags [3ms]
2024-09-03 07:58:25.494 [info] > git config --get commit.template [6ms]
2024-09-03 07:58:25.498 [info] > git show -s --format=%H%n%aN%n%aE%n%at%n%ct%n%P%n%D%n%B -z dafd22ce84a42a4dbe6da2eeaf26529afa01931f [6ms]
2024-09-03 07:58:25.525 [info] > git status -z -uall [24ms]
2024-09-03 08:01:26.260 [info] > git fetch [719ms]
2024-09-03 08:01:26.271 [info] > git for-each-ref --format %(refname) %(objectname) %(*objectname) refs/tags [4ms]
2024-09-03 08:01:26.272 [info] > git config --get commit.template [8ms]
2024-09-03 08:01:26.277 [info] > git show -s --format=%H%n%aN%n%aE%n%at%n%ct%n%P%n%D%n%B -z dafd22ce84a42a4dbe6da2eeaf26529afa01931f [7ms]
2024-09-03 08:01:26.307 [info] > git status -z -uall [27ms]
2024-09-03 08:04:26.942 [info] > git fetch [615ms]
2024-09-03 08:04:26.950 [info] > git for-each-ref --format %(refname) %(objectname) %(*objectname) refs/tags [3ms]
2024-09-03 08:04:26.951 [info] > git config --get commit.template [6ms]
2024-09-03 08:04:26.956 [info] > git show -s --format=%H%n%aN%n%aE%n%at%n%ct%n%P%n%D%n%B -z dafd22ce84a42a4dbe6da2eeaf26529afa01931f [7ms]
2024-09-03 08:04:26.980 [info] > git status -z -uall [22ms]
2024-09-03 08:07:27.628 [info] > git fetch [632ms]
2024-09-03 08:07:27.638 [info] > git for-each-ref --format %(refname) %(objectname) %(*objectname) refs/tags [3ms]
2024-09-03 08:07:27.638 [info] > git config --get commit.template [6ms]
2024-09-03 08:07:27.646 [info] > git show -s --format=%H%n%aN%n%aE%n%at%n%ct%n%P%n%D%n%B -z dafd22ce84a42a4dbe6da2eeaf26529afa01931f [8ms]
2024-09-03 08:07:27.676 [info] > git status -z -uall [27ms]
2024-09-03 08:10:28.255 [info] > git fetch [562ms]
2024-09-03 08:10:28.263 [info] > git for-each-ref --format %(refname) %(objectname) %(*objectname) refs/tags [3ms]
2024-09-03 08:10:28.263 [info] > git config --get commit.template [5ms]
2024-09-03 08:10:28.270 [info] > git show -s --format=%H%n%aN%n%aE%n%at%n%ct%n%P%n%D%n%B -z dafd22ce84a42a4dbe6da2eeaf26529afa01931f [7ms]
2024-09-03 08:10:28.294 [info] > git status -z -uall [22ms]
2024-09-03 08:13:28.884 [info] > git fetch [572ms]
2024-09-03 08:13:28.892 [info] > git config --get commit.template [5ms]
2024-09-03 08:13:28.893 [info] > git for-each-ref --format %(refname) %(objectname) %(*objectname) refs/tags [4ms]
2024-09-03 08:13:28.898 [info] > git show -s --format=%H%n%aN%n%aE%n%at%n%ct%n%P%n%D%n%B -z dafd22ce84a42a4dbe6da2eeaf26529afa01931f [6ms]
2024-09-03 08:13:28.924 [info] > git status -z -uall [23ms]
2024-09-03 08:16:29.647 [info] > git fetch [705ms]
2024-09-03 08:16:29.658 [info] > git config --get commit.template [7ms]
2024-09-03 08:16:29.658 [info] > git for-each-ref --format %(refname) %(objectname) %(*objectname) refs/tags [4ms]
2024-09-03 08:16:29.664 [info] > git show -s --format=%H%n%aN%n%aE%n%at%n%ct%n%P%n%D%n%B -z dafd22ce84a42a4dbe6da2eeaf26529afa01931f [5ms]
2024-09-03 08:16:29.690 [info] > git status -z -uall [24ms]
2024-09-03 08:19:30.408 [info] > git fetch [698ms]
2024-09-03 08:19:30.419 [info] > git for-each-ref --format %(refname) %(objectname) %(*objectname) refs/tags [4ms]
2024-09-03 08:19:30.420 [info] > git config --get commit.template [8ms]
2024-09-03 08:19:30.425 [info] > git show -s --format=%H%n%aN%n%aE%n%at%n%ct%n%P%n%D%n%B -z dafd22ce84a42a4dbe6da2eeaf26529afa01931f [6ms]
2024-09-03 08:19:30.452 [info] > git status -z -uall [23ms]
2024-09-03 08:22:31.047 [info] > git fetch [579ms]
2024-09-03 08:22:31.057 [info] > git for-each-ref --format %(refname) %(objectname) %(*objectname) refs/tags [3ms]
2024-09-03 08:22:31.058 [info] > git config --get commit.template [6ms]
2024-09-03 08:22:31.064 [info] > git show -s --format=%H%n%aN%n%aE%n%at%n%ct%n%P%n%D%n%B -z dafd22ce84a42a4dbe6da2eeaf26529afa01931f [7ms]
2024-09-03 08:22:31.090 [info] > git status -z -uall [22ms]
2024-09-03 08:25:31.737 [info] > git fetch [631ms]
2024-09-03 08:25:31.746 [info] > git for-each-ref --format %(refname) %(objectname) %(*objectname) refs/tags [3ms]
2024-09-03 08:25:31.746 [info] > git config --get commit.template [6ms]
2024-09-03 08:25:31.753 [info] > git show -s --format=%H%n%aN%n%aE%n%at%n%ct%n%P%n%D%n%B -z dafd22ce84a42a4dbe6da2eeaf26529afa01931f [8ms]
2024-09-03 08:25:31.783 [info] > git status -z -uall [25ms]
2024-09-03 08:28:32.445 [info] > git fetch [638ms]
2024-09-03 08:28:32.455 [info] > git config --get commit.template [6ms]
2024-09-03 08:28:32.455 [info] > git for-each-ref --format %(refname) %(objectname) %(*objectname) refs/tags [3ms]
2024-09-03 08:28:32.461 [info] > git show -s --format=%H%n%aN%n%aE%n%at%n%ct%n%P%n%D%n%B -z dafd22ce84a42a4dbe6da2eeaf26529afa01931f [7ms]
2024-09-03 08:28:32.487 [info] > git status -z -uall [22ms]
2024-09-03 08:31:33.060 [info] > git fetch [548ms]
2024-09-03 08:31:33.071 [info] > git for-each-ref --format %(refname) %(objectname) %(*objectname) refs/tags [3ms]
2024-09-03 08:31:33.071 [info] > git config --get commit.template [7ms]
2024-09-03 08:31:33.076 [info] > git show -s --format=%H%n%aN%n%aE%n%at%n%ct%n%P%n%D%n%B -z dafd22ce84a42a4dbe6da2eeaf26529afa01931f [6ms]
2024-09-03 08:31:33.105 [info] > git status -z -uall [26ms]
2024-09-03 08:34:33.999 [info] > git fetch [877ms]
2024-09-03 08:34:34.013 [info] > git config --get commit.template [10ms]
2024-09-03 08:34:34.013 [info] > git for-each-ref --format %(refname) %(objectname) %(*objectname) refs/tags [5ms]
2024-09-03 08:34:34.019 [info] > git show -s --format=%H%n%aN%n%aE%n%at%n%ct%n%P%n%D%n%B -z dafd22ce84a42a4dbe6da2eeaf26529afa01931f [8ms]
2024-09-03 08:34:34.044 [info] > git status -z -uall [22ms]
2024-09-03 08:37:34.663 [info] > git fetch [600ms]
2024-09-03 08:37:34.672 [info] > git for-each-ref --format %(refname) %(objectname) %(*objectname) refs/tags [3ms]
2024-09-03 08:37:34.672 [info] > git config --get commit.template [5ms]
2024-09-03 08:37:34.677 [info] > git show -s --format=%H%n%aN%n%aE%n%at%n%ct%n%P%n%D%n%B -z dafd22ce84a42a4dbe6da2eeaf26529afa01931f [5ms]
2024-09-03 08:37:34.701 [info] > git status -z -uall [21ms]
2024-09-03 08:40:35.278 [info] > git fetch [562ms]
2024-09-03 08:40:35.286 [info] > git config --get commit.template [5ms]
2024-09-03 08:40:35.286 [info] > git for-each-ref --format %(refname) %(objectname) %(*objectname) refs/tags [3ms]
2024-09-03 08:40:35.292 [info] > git show -s --format=%H%n%aN%n%aE%n%at%n%ct%n%P%n%D%n%B -z dafd22ce84a42a4dbe6da2eeaf26529afa01931f [6ms]
2024-09-03 08:40:35.313 [info] > git status -z -uall [19ms]
2024-09-03 08:43:36.043 [info] > git fetch [715ms]
2024-09-03 08:43:36.050 [info] > git config --get commit.template [4ms]
2024-09-03 08:43:36.051 [info] > git for-each-ref --format %(refname) %(objectname) %(*objectname) refs/tags [3ms]
2024-09-03 08:43:36.057 [info] > git show -s --format=%H%n%aN%n%aE%n%at%n%ct%n%P%n%D%n%B -z dafd22ce84a42a4dbe6da2eeaf26529afa01931f [7ms]
2024-09-03 08:43:36.079 [info] > git status -z -uall [20ms]
2024-09-03 08:46:36.655 [info] > git fetch [560ms]
2024-09-03 08:46:36.663 [info] > git config --get commit.template [5ms]
2024-09-03 08:46:36.664 [info] > git for-each-ref --format %(refname) %(objectname) %(*objectname) refs/tags [4ms]
2024-09-03 08:46:36.669 [info] > git show -s --format=%H%n%aN%n%aE%n%at%n%ct%n%P%n%D%n%B -z dafd22ce84a42a4dbe6da2eeaf26529afa01931f [5ms]
2024-09-03 08:46:36.693 [info] > git status -z -uall [22ms]
2024-09-03 08:49:37.274 [info] > git fetch [561ms]
2024-09-03 08:49:37.283 [info] > git config --get commit.template [5ms]
2024-09-03 08:49:37.284 [info] > git for-each-ref --format %(refname) %(objectname) %(*objectname) refs/tags [3ms]
2024-09-03 08:49:37.289 [info] > git show -s --format=%H%n%aN%n%aE%n%at%n%ct%n%P%n%D%n%B -z dafd22ce84a42a4dbe6da2eeaf26529afa01931f [6ms]
2024-09-03 08:49:37.315 [info] > git status -z -uall [24ms]
2024-09-03 08:52:37.993 [info] > git fetch [660ms]
2024-09-03 08:52:38.002 [info] > git config --get commit.template [6ms]
2024-09-03 08:52:38.003 [info] > git for-each-ref --format %(refname) %(objectname) %(*objectname) refs/tags [5ms]
2024-09-03 08:52:38.008 [info] > git show -s --format=%H%n%aN%n%aE%n%at%n%ct%n%P%n%D%n%B -z dafd22ce84a42a4dbe6da2eeaf26529afa01931f [6ms]
2024-09-03 08:52:38.036 [info] > git status -z -uall [25ms]
2024-09-03 08:55:38.718 [info] > git fetch [666ms]
2024-09-03 08:55:38.728 [info] > git config --get commit.template [5ms]
2024-09-03 08:55:38.728 [info] > git for-each-ref --format %(refname) %(objectname) %(*objectname) refs/tags [3ms]
2024-09-03 08:55:38.735 [info] > git show -s --format=%H%n%aN%n%aE%n%at%n%ct%n%P%n%D%n%B -z dafd22ce84a42a4dbe6da2eeaf26529afa01931f [8ms]
2024-09-03 08:55:38.763 [info] > git status -z -uall [25ms]
2024-09-03 08:58:39.392 [info] > git fetch [611ms]
2024-09-03 08:58:39.397 [info] > git config --get commit.template [1ms]
2024-09-03 08:58:39.401 [info] > git for-each-ref --format %(refname) %(objectname) %(*objectname) refs/tags [2ms]
2024-09-03 08:58:39.408 [info] > git show -s --format=%H%n%aN%n%aE%n%at%n%ct%n%P%n%D%n%B -z dafd22ce84a42a4dbe6da2eeaf26529afa01931f [6ms]
2024-09-03 08:58:39.433 [info] > git status -z -uall [23ms]
2024-09-03 09:01:40.021 [info] > git fetch [570ms]
2024-09-03 09:01:40.036 [info] > git for-each-ref --format %(refname) %(objectname) %(*objectname) refs/tags [6ms]
2024-09-03 09:01:40.036 [info] > git config --get commit.template [11ms]
2024-09-03 09:01:40.043 [info] > git show -s --format=%H%n%aN%n%aE%n%at%n%ct%n%P%n%D%n%B -z dafd22ce84a42a4dbe6da2eeaf26529afa01931f [8ms]
2024-09-03 09:01:40.073 [info] > git status -z -uall [27ms]
2024-09-03 09:04:40.702 [info] > git fetch [613ms]
2024-09-03 09:04:40.711 [info] > git config --get commit.template [5ms]
2024-09-03 09:04:40.711 [info] > git for-each-ref --format %(refname) %(objectname) %(*objectname) refs/tags [3ms]
2024-09-03 09:04:40.717 [info] > git show -s --format=%H%n%aN%n%aE%n%at%n%ct%n%P%n%D%n%B -z dafd22ce84a42a4dbe6da2eeaf26529afa01931f [7ms]
2024-09-03 09:04:40.745 [info] > git status -z -uall [24ms]
2024-09-03 09:07:41.612 [info] > git fetch [851ms]
2024-09-03 09:07:41.621 [info] > git config --get commit.template [6ms]
2024-09-03 09:07:41.622 [info] > git for-each-ref --format %(refname) %(objectname) %(*objectname) refs/tags [4ms]
2024-09-03 09:07:41.628 [info] > git show -s --format=%H%n%aN%n%aE%n%at%n%ct%n%P%n%D%n%B -z dafd22ce84a42a4dbe6da2eeaf26529afa01931f [7ms]
2024-09-03 09:07:41.654 [info] > git status -z -uall [23ms]
2024-09-03 09:10:42.241 [info] > git fetch [572ms]
2024-09-03 09:10:42.249 [info] > git config --get commit.template [5ms]
2024-09-03 09:10:42.249 [info] > git for-each-ref --format %(refname) %(objectname) %(*objectname) refs/tags [3ms]
2024-09-03 09:10:42.255 [info] > git show -s --format=%H%n%aN%n%aE%n%at%n%ct%n%P%n%D%n%B -z dafd22ce84a42a4dbe6da2eeaf26529afa01931f [7ms]
2024-09-03 09:10:42.282 [info] > git status -z -uall [23ms]
2024-09-03 09:13:43.030 [info] > git fetch [734ms]
2024-09-03 09:13:43.041 [info] > git for-each-ref --format %(refname) %(objectname) %(*objectname) refs/tags [4ms]
2024-09-03 09:13:43.041 [info] > git config --get commit.template [8ms]
2024-09-03 09:13:43.047 [info] > git show -s --format=%H%n%aN%n%aE%n%at%n%ct%n%P%n%D%n%B -z dafd22ce84a42a4dbe6da2eeaf26529afa01931f [6ms]
2024-09-03 09:13:43.075 [info] > git status -z -uall [25ms]
2024-09-03 09:16:43.756 [info] > git fetch [664ms]
2024-09-03 09:16:43.766 [info] > git config --get commit.template [6ms]
2024-09-03 09:16:43.766 [info] > git for-each-ref --format %(refname) %(objectname) %(*objectname) refs/tags [3ms]
2024-09-03 09:16:43.773 [info] > git show -s --format=%H%n%aN%n%aE%n%at%n%ct%n%P%n%D%n%B -z dafd22ce84a42a4dbe6da2eeaf26529afa01931f [6ms]
2024-09-03 09:16:43.798 [info] > git status -z -uall [22ms]
2024-09-03 09:19:44.370 [info] > git fetch [550ms]
2024-09-03 09:19:44.380 [info] > git for-each-ref --format %(refname) %(objectname) %(*objectname) refs/tags [3ms]
2024-09-03 09:19:44.380 [info] > git config --get commit.template [5ms]
2024-09-03 09:19:44.388 [info] > git show -s --format=%H%n%aN%n%aE%n%at%n%ct%n%P%n%D%n%B -z dafd22ce84a42a4dbe6da2eeaf26529afa01931f [8ms]
2024-09-03 09:19:44.416 [info] > git status -z -uall [25ms]
2024-09-03 09:22:45.146 [info] > git fetch [713ms]
2024-09-03 09:22:45.156 [info] > git config --get commit.template [5ms]
2024-09-03 09:22:45.156 [info] > git for-each-ref --format %(refname) %(objectname) %(*objectname) refs/tags [4ms]
2024-09-03 09:22:45.162 [info] > git show -s --format=%H%n%aN%n%aE%n%at%n%ct%n%P%n%D%n%B -z dafd22ce84a42a4dbe6da2eeaf26529afa01931f [6ms]
2024-09-03 09:22:45.188 [info] > git status -z -uall [24ms]
2024-09-03 09:25:45.932 [info] > git fetch [728ms]
2024-09-03 09:25:45.939 [info] > git config --get commit.template [3ms]
2024-09-03 09:25:45.943 [info] > git for-each-ref --format %(refname) %(objectname) %(*objectname) refs/tags [4ms]
2024-09-03 09:25:45.949 [info] > git show -s --format=%H%n%aN%n%aE%n%at%n%ct%n%P%n%D%n%B -z dafd22ce84a42a4dbe6da2eeaf26529afa01931f [7ms]
2024-09-03 09:25:45.973 [info] > git status -z -uall [21ms]
2024-09-03 09:28:46.600 [info] > git fetch [609ms]
2024-09-03 09:28:46.610 [info] > git config --get commit.template [7ms]
2024-09-03 09:28:46.610 [info] > git for-each-ref --format %(refname) %(objectname) %(*objectname) refs/tags [3ms]
2024-09-03 09:28:46.617 [info] > git show -s --format=%H%n%aN%n%aE%n%at%n%ct%n%P%n%D%n%B -z dafd22ce84a42a4dbe6da2eeaf26529afa01931f [8ms]
2024-09-03 09:28:46.644 [info] > git status -z -uall [24ms]
2024-09-03 09:31:47.384 [info] > git fetch [722ms]
2024-09-03 09:31:47.399 [info] > git for-each-ref --format %(refname) %(objectname) %(*objectname) refs/tags [6ms]
2024-09-03 09:31:47.399 [info] > git config --get commit.template [10ms]
2024-09-03 09:31:47.406 [info] > git show -s --format=%H%n%aN%n%aE%n%at%n%ct%n%P%n%D%n%B -z dafd22ce84a42a4dbe6da2eeaf26529afa01931f [8ms]
2024-09-03 09:31:47.432 [info] > git status -z -uall [24ms]
2024-09-03 09:34:48.066 [info] > git fetch [616ms]
2024-09-03 09:34:48.081 [info] > git config --get commit.template [12ms]
2024-09-03 09:34:48.082 [info] > git for-each-ref --format %(refname) %(objectname) %(*objectname) refs/tags [7ms]
2024-09-03 09:34:48.086 [info] > git show -s --format=%H%n%aN%n%aE%n%at%n%ct%n%P%n%D%n%B -z dafd22ce84a42a4dbe6da2eeaf26529afa01931f [5ms]
2024-09-03 09:34:48.115 [info] > git status -z -uall [24ms]
2024-09-03 09:37:48.845 [info] > git fetch [713ms]
2024-09-03 09:37:48.858 [info] > git for-each-ref --format %(refname) %(objectname) %(*objectname) refs/tags [4ms]
2024-09-03 09:37:48.858 [info] > git config --get commit.template [9ms]
2024-09-03 09:37:48.863 [info] > git show -s --format=%H%n%aN%n%aE%n%at%n%ct%n%P%n%D%n%B -z dafd22ce84a42a4dbe6da2eeaf26529afa01931f [6ms]
2024-09-03 09:37:48.892 [info] > git status -z -uall [26ms]
2024-09-03 09:40:49.469 [info] > git fetch [561ms]
2024-09-03 09:40:49.478 [info] > git config --get commit.template [4ms]
2024-09-03 09:40:49.478 [info] > git for-each-ref --format %(refname) %(objectname) %(*objectname) refs/tags [3ms]
2024-09-03 09:40:49.484 [info] > git show -s --format=%H%n%aN%n%aE%n%at%n%ct%n%P%n%D%n%B -z dafd22ce84a42a4dbe6da2eeaf26529afa01931f [7ms]
2024-09-03 09:40:49.507 [info] > git status -z -uall [21ms]
2024-09-03 09:43:50.230 [info] > git fetch [704ms]
2024-09-03 09:43:50.238 [info] > git config --get commit.template [5ms]
2024-09-03 09:43:50.238 [info] > git for-each-ref --format %(refname) %(objectname) %(*objectname) refs/tags [2ms]
2024-09-03 09:43:50.244 [info] > git show -s --format=%H%n%aN%n%aE%n%at%n%ct%n%P%n%D%n%B -z dafd22ce84a42a4dbe6da2eeaf26529afa01931f [6ms]
2024-09-03 09:43:50.271 [info] > git status -z -uall [25ms]
2024-09-03 09:46:50.995 [info] > git fetch [706ms]
2024-09-03 09:46:51.007 [info] > git for-each-ref --format %(refname) %(objectname) %(*objectname) refs/tags [5ms]
2024-09-03 09:46:51.007 [info] > git config --get commit.template [9ms]
2024-09-03 09:46:51.013 [info] > git show -s --format=%H%n%aN%n%aE%n%at%n%ct%n%P%n%D%n%B -z dafd22ce84a42a4dbe6da2eeaf26529afa01931f [7ms]
2024-09-03 09:46:51.037 [info] > git status -z -uall [22ms]
2024-09-03 09:49:51.655 [info] > git fetch [601ms]
2024-09-03 09:49:51.661 [info] > git config --get commit.template [2ms]
2024-09-03 09:49:51.666 [info] > git for-each-ref --format %(refname) %(objectname) %(*objectname) refs/tags [3ms]
2024-09-03 09:49:51.671 [info] > git show -s --format=%H%n%aN%n%aE%n%at%n%ct%n%P%n%D%n%B -z dafd22ce84a42a4dbe6da2eeaf26529afa01931f [6ms]
2024-09-03 09:49:51.696 [info] > git status -z -uall [23ms]
2024-09-03 09:52:52.333 [info] > git fetch [622ms]
2024-09-03 09:52:52.343 [info] > git config --get commit.template [6ms]
2024-09-03 09:52:52.343 [info] > git for-each-ref --format %(refname) %(objectname) %(*objectname) refs/tags [3ms]
2024-09-03 09:52:52.349 [info] > git show -s --format=%H%n%aN%n%aE%n%at%n%ct%n%P%n%D%n%B -z dafd22ce84a42a4dbe6da2eeaf26529afa01931f [7ms]
2024-09-03 09:52:52.375 [info] > git status -z -uall [23ms]
2024-09-03 09:55:52.956 [info] > git fetch [564ms]
2024-09-03 09:55:52.963 [info] > git for-each-ref --format %(refname) %(objectname) %(*objectname) refs/tags [2ms]
2024-09-03 09:55:52.963 [info] > git config --get commit.template [5ms]
2024-09-03 09:55:52.970 [info] > git show -s --format=%H%n%aN%n%aE%n%at%n%ct%n%P%n%D%n%B -z dafd22ce84a42a4dbe6da2eeaf26529afa01931f [7ms]
2024-09-03 09:55:52.994 [info] > git status -z -uall [22ms]
2024-09-03 09:58:53.917 [info] > git fetch [907ms]
2024-09-03 09:58:53.928 [info] > git for-each-ref --format %(refname) %(objectname) %(*objectname) refs/tags [4ms]
2024-09-03 09:58:53.929 [info] > git config --get commit.template [8ms]
2024-09-03 09:58:53.932 [info] > git show -s --format=%H%n%aN%n%aE%n%at%n%ct%n%P%n%D%n%B -z dafd22ce84a42a4dbe6da2eeaf26529afa01931f [4ms]
2024-09-03 09:58:53.958 [info] > git status -z -uall [23ms]
2024-09-03 10:01:54.634 [info] > git fetch [650ms]
2024-09-03 10:01:54.646 [info] > git for-each-ref --format %(refname) %(objectname) %(*objectname) refs/tags [5ms]
2024-09-03 10:01:54.646 [info] > git config --get commit.template [8ms]
2024-09-03 10:01:54.655 [info] > git show -s --format=%H%n%aN%n%aE%n%at%n%ct%n%P%n%D%n%B -z dafd22ce84a42a4dbe6da2eeaf26529afa01931f [10ms]
2024-09-03 10:01:54.686 [info] > git status -z -uall [26ms]
2024-09-03 10:04:55.264 [info] > git fetch [560ms]
2024-09-03 10:04:55.270 [info] > git config --get commit.template [2ms]
2024-09-03 10:04:55.276 [info] > git for-each-ref --format %(refname) %(objectname) %(*objectname) refs/tags [3ms]
2024-09-03 10:04:55.283 [info] > git show -s --format=%H%n%aN%n%aE%n%at%n%ct%n%P%n%D%n%B -z dafd22ce84a42a4dbe6da2eeaf26529afa01931f [7ms]
2024-09-03 10:04:55.310 [info] > git status -z -uall [24ms]
2024-09-03 10:07:55.996 [info] > git fetch [664ms]
2024-09-03 10:07:56.009 [info] > git for-each-ref --format %(refname) %(objectname) %(*objectname) refs/tags [6ms]
2024-09-03 10:07:56.009 [info] > git config --get commit.template [9ms]
2024-09-03 10:07:56.015 [info] > git show -s --format=%H%n%aN%n%aE%n%at%n%ct%n%P%n%D%n%B -z dafd22ce84a42a4dbe6da2eeaf26529afa01931f [6ms]
2024-09-03 10:07:56.038 [info] > git status -z -uall [21ms]
2024-09-03 10:10:56.606 [info] > git fetch [552ms]
2024-09-03 10:10:56.613 [info] > git config --get commit.template [1ms]
2024-09-03 10:10:56.626 [info] > git for-each-ref --format %(refname) %(objectname) %(*objectname) refs/tags [4ms]
2024-09-03 10:10:56.633 [info] > git show -s --format=%H%n%aN%n%aE%n%at%n%ct%n%P%n%D%n%B -z dafd22ce84a42a4dbe6da2eeaf26529afa01931f [7ms]
2024-09-03 10:10:56.670 [info] > git status -z -uall [34ms]
2024-09-03 10:13:57.246 [info] > git fetch [559ms]
2024-09-03 10:13:57.255 [info] > git config --get commit.template [6ms]
2024-09-03 10:13:57.256 [info] > git for-each-ref --format %(refname) %(objectname) %(*objectname) refs/tags [3ms]
2024-09-03 10:13:57.260 [info] > git show -s --format=%H%n%aN%n%aE%n%at%n%ct%n%P%n%D%n%B -z dafd22ce84a42a4dbe6da2eeaf26529afa01931f [6ms]
2024-09-03 10:13:57.286 [info] > git status -z -uall [23ms]
2024-09-03 10:16:58.093 [info] > git fetch [789ms]
2024-09-03 10:16:58.105 [info] > git for-each-ref --format %(refname) %(objectname) %(*objectname) refs/tags [3ms]
2024-09-03 10:16:58.105 [info] > git config --get commit.template [6ms]
2024-09-03 10:16:58.111 [info] > git show -s --format=%H%n%aN%n%aE%n%at%n%ct%n%P%n%D%n%B -z dafd22ce84a42a4dbe6da2eeaf26529afa01931f [6ms]
2024-09-03 10:16:58.139 [info] > git status -z -uall [25ms]
2024-09-03 10:19:58.890 [info] > git fetch [732ms]
2024-09-03 10:19:58.900 [info] > git config --get commit.template [3ms]
2024-09-03 10:19:58.911 [info] > git for-each-ref --format %(refname) %(objectname) %(*objectname) refs/tags [5ms]
2024-09-03 10:19:58.918 [info] > git show -s --format=%H%n%aN%n%aE%n%at%n%ct%n%P%n%D%n%B -z dafd22ce84a42a4dbe6da2eeaf26529afa01931f [8ms]
2024-09-03 10:19:58.947 [info] > git status -z -uall [24ms]
2024-09-03 10:22:59.538 [info] > git fetch [574ms]
2024-09-03 10:22:59.549 [info] > git config --get commit.template [7ms]
2024-09-03 10:22:59.550 [info] > git for-each-ref --format %(refname) %(objectname) %(*objectname) refs/tags [4ms]
2024-09-03 10:22:59.556 [info] > git show -s --format=%H%n%aN%n%aE%n%at%n%ct%n%P%n%D%n%B -z dafd22ce84a42a4dbe6da2eeaf26529afa01931f [7ms]
2024-09-03 10:22:59.582 [info] > git status -z -uall [23ms]
2024-09-03 10:26:00.217 [info] > git fetch [619ms]
2024-09-03 10:26:00.235 [info] > git for-each-ref --format %(refname) %(objectname) %(*objectname) refs/tags [9ms]
2024-09-03 10:26:00.235 [info] > git config --get commit.template [12ms]
2024-09-03 10:26:00.242 [info] > git show -s --format=%H%n%aN%n%aE%n%at%n%ct%n%P%n%D%n%B -z dafd22ce84a42a4dbe6da2eeaf26529afa01931f [7ms]
2024-09-03 10:26:00.271 [info] > git status -z -uall [25ms]
2024-09-03 10:29:00.881 [info] > git fetch [586ms]
2024-09-03 10:29:00.893 [info] > git for-each-ref --format %(refname) %(objectname) %(*objectname) refs/tags [3ms]
2024-09-03 10:29:00.894 [info] > git config --get commit.template [8ms]
2024-09-03 10:29:00.900 [info] > git show -s --format=%H%n%aN%n%aE%n%at%n%ct%n%P%n%D%n%B -z dafd22ce84a42a4dbe6da2eeaf26529afa01931f [6ms]
2024-09-03 10:29:00.927 [info] > git status -z -uall [25ms]
2024-09-03 10:32:01.570 [info] > git fetch [626ms]
2024-09-03 10:32:01.581 [info] > git for-each-ref --format %(refname) %(objectname) %(*objectname) refs/tags [3ms]
2024-09-03 10:32:01.581 [info] > git config --get commit.template [8ms]
2024-09-03 10:32:01.587 [info] > git show -s --format=%H%n%aN%n%aE%n%at%n%ct%n%P%n%D%n%B -z dafd22ce84a42a4dbe6da2eeaf26529afa01931f [6ms]
2024-09-03 10:32:01.623 [info] > git status -z -uall [32ms]
2024-09-03 10:35:02.397 [info] > git fetch [753ms]
2024-09-03 10:35:02.407 [info] > git for-each-ref --format %(refname) %(objectname) %(*objectname) refs/tags [4ms]
2024-09-03 10:35:02.407 [info] > git config --get commit.template [7ms]
2024-09-03 10:35:02.417 [info] > git show -s --format=%H%n%aN%n%aE%n%at%n%ct%n%P%n%D%n%B -z dafd22ce84a42a4dbe6da2eeaf26529afa01931f [11ms]
2024-09-03 10:35:02.449 [info] > git status -z -uall [29ms]
2024-09-03 10:38:03.210 [info] > git fetch [736ms]
2024-09-03 10:38:03.222 [info] > git config --get commit.template [8ms]
2024-09-03 10:38:03.222 [info] > git for-each-ref --format %(refname) %(objectname) %(*objectname) refs/tags [5ms]
2024-09-03 10:38:03.230 [info] > git show -s --format=%H%n%aN%n%aE%n%at%n%ct%n%P%n%D%n%B -z dafd22ce84a42a4dbe6da2eeaf26529afa01931f [9ms]
2024-09-03 10:38:03.258 [info] > git status -z -uall [25ms]
2024-09-03 10:41:03.894 [info] > git fetch [617ms]
2024-09-03 10:41:03.906 [info] > git for-each-ref --format %(refname) %(objectname) %(*objectname) refs/tags [6ms]
2024-09-03 10:41:03.906 [info] > git config --get commit.template [9ms]
2024-09-03 10:41:03.909 [info] > git show -s --format=%H%n%aN%n%aE%n%at%n%ct%n%P%n%D%n%B -z dafd22ce84a42a4dbe6da2eeaf26529afa01931f [6ms]
2024-09-03 10:41:03.937 [info] > git status -z -uall [24ms]
2024-09-03 10:44:04.585 [info] > git fetch [630ms]
2024-09-03 10:44:04.596 [info] > git config --get commit.template [8ms]
2024-09-03 10:44:04.596 [info] > git for-each-ref --format %(refname) %(objectname) %(*objectname) refs/tags [4ms]
2024-09-03 10:44:04.602 [info] > git show -s --format=%H%n%aN%n%aE%n%at%n%ct%n%P%n%D%n%B -z dafd22ce84a42a4dbe6da2eeaf26529afa01931f [7ms]
2024-09-03 10:44:04.629 [info] > git status -z -uall [23ms]
2024-09-03 10:47:05.377 [info] > git fetch [731ms]
2024-09-03 10:47:05.386 [info] > git for-each-ref --format %(refname) %(objectname) %(*objectname) refs/tags [3ms]
2024-09-03 10:47:05.387 [info] > git config --get commit.template [7ms]
2024-09-03 10:47:05.393 [info] > git show -s --format=%H%n%aN%n%aE%n%at%n%ct%n%P%n%D%n%B -z dafd22ce84a42a4dbe6da2eeaf26529afa01931f [7ms]
2024-09-03 10:47:05.420 [info] > git status -z -uall [24ms]
2024-09-03 10:50:05.997 [info] > git fetch [559ms]
2024-09-03 10:50:06.012 [info] > git config --get commit.template [12ms]
2024-09-03 10:50:06.013 [info] > git for-each-ref --format %(refname) %(objectname) %(*objectname) refs/tags [10ms]
2024-09-03 10:50:06.019 [info] > git show -s --format=%H%n%aN%n%aE%n%at%n%ct%n%P%n%D%n%B -z dafd22ce84a42a4dbe6da2eeaf26529afa01931f [8ms]
2024-09-03 10:50:06.047 [info] > git status -z -uall [25ms]
2024-09-03 10:53:06.813 [info] > git fetch [749ms]
2024-09-03 10:53:06.822 [info] > git config --get commit.template [6ms]
2024-09-03 10:53:06.823 [info] > git for-each-ref --format %(refname) %(objectname) %(*objectname) refs/tags [4ms]
2024-09-03 10:53:06.828 [info] > git show -s --format=%H%n%aN%n%aE%n%at%n%ct%n%P%n%D%n%B -z dafd22ce84a42a4dbe6da2eeaf26529afa01931f [5ms]
2024-09-03 10:53:06.853 [info] > git status -z -uall [23ms]
