2024-09-01 18:31:51.127 [info] Log level: Info
2024-09-01 18:31:51.127 [info] Validating found git in: "git"
2024-09-01 18:31:51.127 [info] Using git "2.34.1" from "git"
2024-09-01 18:31:51.127 [info] > git rev-parse --show-toplevel [2ms]
2024-09-01 18:31:51.127 [info] fatal: not a git repository (or any of the parent directories): .git
2024-09-01 18:31:51.127 [info] > git rev-parse --show-toplevel [2ms]
2024-09-01 18:31:51.127 [info] fatal: not a git repository (or any of the parent directories): .git
2024-09-01 18:31:51.127 [info] > git rev-parse --show-toplevel [1ms]
2024-09-01 18:31:51.127 [info] fatal: not a git repository (or any of the parent directories): .git
2024-09-01 18:31:51.127 [info] > git rev-parse --show-toplevel [2ms]
2024-09-01 18:31:51.128 [info] fatal: not a git repository (or any of the parent directories): .git
2024-09-01 18:31:51.128 [info] > git rev-parse --show-toplevel [1ms]
2024-09-01 18:31:51.128 [info] fatal: not a git repository (or any of the parent directories): .git
2024-09-01 18:32:30.422 [info] > git rev-parse --show-toplevel [0ms]
2024-09-01 18:32:30.426 [info] > git rev-parse --git-dir --git-common-dir [2ms]
2024-09-01 18:32:30.439 [info] Open repository: /home/dev
2024-09-01 18:32:30.447 [info] No remotes found in the git config file.
2024-09-01 18:32:30.448 [info] > git config --get commit.template [3ms]
2024-09-01 18:32:30.448 [info] > git fetch [9ms]
2024-09-01 18:32:30.451 [info] > git for-each-ref --format=%(refname)%00%(upstream:short)%00%(objectname)%00%(upstream:track)%00%(upstream:remotename)%00%(upstream:remoteref) refs/heads/master refs/remotes/master [5ms]
2024-09-01 18:32:30.452 [warning] No such branch: master.
2024-09-01 18:32:30.457 [info] > git config --get commit.template [6ms]
2024-09-01 18:32:30.458 [info] > git config --get commit.template [2ms]
2024-09-01 18:32:30.460 [info] No remotes found in the git config file.
2024-09-01 18:32:30.462 [info] No remotes found in the git config file.
2024-09-01 18:32:30.462 [info] > git for-each-ref --format=%(refname)%00%(upstream:short)%00%(objectname)%00%(upstream:track)%00%(upstream:remotename)%00%(upstream:remoteref) refs/heads/master refs/remotes/master [2ms]
2024-09-01 18:32:30.463 [warning] No such branch: master.
2024-09-01 18:32:30.464 [info] > git for-each-ref --format=%(refname)%00%(upstream:short)%00%(objectname)%00%(upstream:track)%00%(upstream:remotename)%00%(upstream:remoteref) refs/heads/master refs/remotes/master [2ms]
2024-09-01 18:32:30.464 [warning] No such branch: master.
2024-09-01 18:32:30.528 [info] > git status -z -uall [62ms]
2024-09-01 18:32:31.196 [info] > git check-ignore -v -z --stdin [1ms]
2024-09-01 18:32:36.436 [info] No remotes found in the git config file.
2024-09-01 18:32:36.438 [info] > git config --get commit.template [4ms]
2024-09-01 18:32:36.438 [info] > git for-each-ref --format=%(refname)%00%(upstream:short)%00%(objectname)%00%(upstream:track)%00%(upstream:remotename)%00%(upstream:remoteref) refs/heads/master refs/remotes/master [2ms]
2024-09-01 18:32:36.438 [warning] No such branch: master.
2024-09-01 18:32:36.457 [info] > git status -z -uall [16ms]
2024-09-01 18:33:46.309 [info] No remotes found in the git config file.
2024-09-01 18:33:46.312 [info] > git config --get commit.template [4ms]
2024-09-01 18:33:46.313 [info] > git for-each-ref --format=%(refname)%00%(upstream:short)%00%(objectname)%00%(upstream:track)%00%(upstream:remotename)%00%(upstream:remoteref) refs/heads/master refs/remotes/master [2ms]
2024-09-01 18:33:46.314 [warning] No such branch: master.
2024-09-01 18:33:46.331 [info] > git status -z -uall [15ms]
2024-09-01 18:34:48.359 [info] > git check-ignore -v -z --stdin [2ms]
2024-09-01 18:35:31.079 [info] > git fetch [612ms]
2024-09-01 18:35:31.079 [info] Missing or invalid credentials.
Skip silent fetch commands
Missing or invalid credentials.
Skip silent fetch commands
remote: Repository not found.
fatal: Authentication failed for 'https://github.com/starduststr/klinik-anyadellasis.git/'
2024-09-01 18:35:31.085 [info] > git config --get commit.template [3ms]
2024-09-01 18:35:31.086 [info] > git for-each-ref --format=%(refname)%00%(upstream:short)%00%(objectname)%00%(upstream:track)%00%(upstream:remotename)%00%(upstream:remoteref) refs/heads/master refs/remotes/master [2ms]
2024-09-01 18:35:31.109 [info] > git status -z -uall [20ms]
2024-09-01 18:35:31.184 [info] > git config --get commit.template [2ms]
2024-09-01 18:35:31.188 [info] > git for-each-ref --format=%(refname)%00%(upstream:short)%00%(objectname)%00%(upstream:track)%00%(upstream:remotename)%00%(upstream:remoteref) refs/heads/master refs/remotes/master [1ms]
2024-09-01 18:35:31.211 [info] > git status -z -uall [20ms]
2024-09-01 18:36:13.577 [info] > git config --get commit.template [4ms]
2024-09-01 18:36:13.578 [info] > git for-each-ref --format=%(refname)%00%(upstream:short)%00%(objectname)%00%(upstream:track)%00%(upstream:remotename)%00%(upstream:remoteref) refs/heads/master refs/remotes/master [2ms]
2024-09-01 18:36:13.602 [info] > git status -z -uall [21ms]
2024-09-01 18:36:48.495 [info] > git config --get commit.template [3ms]
2024-09-01 18:36:48.496 [info] > git for-each-ref --format=%(refname)%00%(upstream:short)%00%(objectname)%00%(upstream:track)%00%(upstream:remotename)%00%(upstream:remoteref) refs/heads/main refs/remotes/main [2ms]
2024-09-01 18:36:48.519 [info] > git status -z -uall [20ms]
2024-09-01 18:36:48.546 [info] > git merge-base refs/heads/main refs/remotes/origin/main [16ms]
2024-09-01 18:36:48.550 [info] > git rev-list --count --left-right refs/heads/main...refs/remotes/origin/main [1ms]
2024-09-01 18:36:48.555 [info] > git diff --name-status -z --diff-filter=ADMR af28fa900bd855d98e433a59ee12888d125da337...refs/remotes/origin/main [2ms]
2024-09-01 18:36:53.555 [info] > git config --get commit.template [3ms]
2024-09-01 18:36:53.556 [info] > git for-each-ref --format=%(refname)%00%(upstream:short)%00%(objectname)%00%(upstream:track)%00%(upstream:remotename)%00%(upstream:remoteref) refs/heads/main refs/remotes/main [2ms]
2024-09-01 18:36:53.578 [info] > git status -z -uall [20ms]
2024-09-01 18:36:58.599 [info] > git config --get commit.template [4ms]
2024-09-01 18:36:58.601 [info] > git for-each-ref --format=%(refname)%00%(upstream:short)%00%(objectname)%00%(upstream:track)%00%(upstream:remotename)%00%(upstream:remoteref) refs/heads/main refs/remotes/main [2ms]
2024-09-01 18:36:58.623 [info] > git status -z -uall [19ms]
2024-09-01 18:37:03.646 [info] > git config --get commit.template [3ms]
2024-09-01 18:37:03.647 [info] > git for-each-ref --format=%(refname)%00%(upstream:short)%00%(objectname)%00%(upstream:track)%00%(upstream:remotename)%00%(upstream:remoteref) refs/heads/main refs/remotes/main [1ms]
2024-09-01 18:37:03.670 [info] > git status -z -uall [20ms]
2024-09-01 18:37:11.316 [info] > git config --get commit.template [3ms]
2024-09-01 18:37:11.316 [info] > git for-each-ref --format=%(refname)%00%(upstream:short)%00%(objectname)%00%(upstream:track)%00%(upstream:remotename)%00%(upstream:remoteref) refs/heads/main refs/remotes/main [2ms]
2024-09-01 18:37:11.340 [info] > git status -z -uall [21ms]
2024-09-01 18:37:16.361 [info] > git config --get commit.template [3ms]
2024-09-01 18:37:16.362 [info] > git for-each-ref --format=%(refname)%00%(upstream:short)%00%(objectname)%00%(upstream:track)%00%(upstream:remotename)%00%(upstream:remoteref) refs/heads/main refs/remotes/main [2ms]
2024-09-01 18:37:16.388 [info] > git status -z -uall [22ms]
2024-09-01 18:37:31.967 [info] > git config --get commit.template [5ms]
2024-09-01 18:37:31.968 [info] > git for-each-ref --format=%(refname)%00%(upstream:short)%00%(objectname)%00%(upstream:track)%00%(upstream:remotename)%00%(upstream:remoteref) refs/heads/main refs/remotes/main [1ms]
2024-09-01 18:37:32.006 [info] > git status -z -uall [34ms]
2024-09-01 18:37:37.031 [info] > git config --get commit.template [4ms]
2024-09-01 18:37:37.032 [info] > git for-each-ref --format=%(refname)%00%(upstream:short)%00%(objectname)%00%(upstream:track)%00%(upstream:remotename)%00%(upstream:remoteref) refs/heads/main refs/remotes/main [1ms]
2024-09-01 18:37:37.057 [info] > git status -z -uall [21ms]
2024-09-01 18:37:42.079 [info] > git config --get commit.template [3ms]
2024-09-01 18:37:42.080 [info] > git for-each-ref --format=%(refname)%00%(upstream:short)%00%(objectname)%00%(upstream:track)%00%(upstream:remotename)%00%(upstream:remoteref) refs/heads/main refs/remotes/main [2ms]
2024-09-01 18:37:42.115 [info] > git status -z -uall [31ms]
2024-09-01 18:37:49.892 [info] > git config --get commit.template [3ms]
2024-09-01 18:37:49.893 [info] > git for-each-ref --format=%(refname)%00%(upstream:short)%00%(objectname)%00%(upstream:track)%00%(upstream:remotename)%00%(upstream:remoteref) refs/heads/main refs/remotes/main [2ms]
2024-09-01 18:37:49.930 [info] > git status -z -uall [34ms]
2024-09-01 18:37:54.950 [info] > git config --get commit.template [4ms]
2024-09-01 18:37:54.951 [info] > git for-each-ref --format=%(refname)%00%(upstream:short)%00%(objectname)%00%(upstream:track)%00%(upstream:remotename)%00%(upstream:remoteref) refs/heads/main refs/remotes/main [2ms]
2024-09-01 18:37:54.976 [info] > git status -z -uall [20ms]
2024-09-01 18:37:59.993 [info] > git config --get commit.template [4ms]
2024-09-01 18:37:59.994 [info] > git for-each-ref --format=%(refname)%00%(upstream:short)%00%(objectname)%00%(upstream:track)%00%(upstream:remotename)%00%(upstream:remoteref) refs/heads/main refs/remotes/main [1ms]
2024-09-01 18:38:00.020 [info] > git status -z -uall [23ms]
2024-09-01 18:38:05.053 [info] > git config --get commit.template [5ms]
2024-09-01 18:38:05.056 [info] > git for-each-ref --format=%(refname)%00%(upstream:short)%00%(objectname)%00%(upstream:track)%00%(upstream:remotename)%00%(upstream:remoteref) refs/heads/main refs/remotes/main [5ms]
2024-09-01 18:38:05.082 [info] > git status -z -uall [22ms]
2024-09-01 18:38:10.117 [info] > git config --get commit.template [3ms]
2024-09-01 18:38:10.118 [info] > git for-each-ref --format=%(refname)%00%(upstream:short)%00%(objectname)%00%(upstream:track)%00%(upstream:remotename)%00%(upstream:remoteref) refs/heads/main refs/remotes/main [1ms]
2024-09-01 18:38:10.140 [info] > git status -z -uall [19ms]
2024-09-01 18:38:15.160 [info] > git config --get commit.template [4ms]
2024-09-01 18:38:15.161 [info] > git for-each-ref --format=%(refname)%00%(upstream:short)%00%(objectname)%00%(upstream:track)%00%(upstream:remotename)%00%(upstream:remoteref) refs/heads/main refs/remotes/main [1ms]
2024-09-01 18:38:15.185 [info] > git status -z -uall [21ms]
2024-09-01 18:38:20.205 [info] > git config --get commit.template [4ms]
2024-09-01 18:38:20.205 [info] > git for-each-ref --format=%(refname)%00%(upstream:short)%00%(objectname)%00%(upstream:track)%00%(upstream:remotename)%00%(upstream:remoteref) refs/heads/main refs/remotes/main [2ms]
2024-09-01 18:38:20.225 [info] > git status -z -uall [18ms]
2024-09-01 18:38:25.246 [info] > git config --get commit.template [3ms]
2024-09-01 18:38:25.247 [info] > git for-each-ref --format=%(refname)%00%(upstream:short)%00%(objectname)%00%(upstream:track)%00%(upstream:remotename)%00%(upstream:remoteref) refs/heads/main refs/remotes/main [2ms]
2024-09-01 18:38:25.270 [info] > git status -z -uall [20ms]
2024-09-01 18:38:32.102 [info] > git config --get commit.template [3ms]
2024-09-01 18:38:32.103 [info] > git for-each-ref --format=%(refname)%00%(upstream:short)%00%(objectname)%00%(upstream:track)%00%(upstream:remotename)%00%(upstream:remoteref) refs/heads/main refs/remotes/main [2ms]
2024-09-01 18:38:32.127 [info] > git status -z -uall [20ms]
2024-09-01 18:38:37.149 [info] > git config --get commit.template [3ms]
2024-09-01 18:38:37.150 [info] > git for-each-ref --format=%(refname)%00%(upstream:short)%00%(objectname)%00%(upstream:track)%00%(upstream:remotename)%00%(upstream:remoteref) refs/heads/main refs/remotes/main [1ms]
2024-09-01 18:38:37.176 [info] > git status -z -uall [22ms]
2024-09-01 18:39:46.429 [info] > git config --get commit.template [3ms]
2024-09-01 18:39:46.430 [info] > git for-each-ref --format=%(refname)%00%(upstream:short)%00%(objectname)%00%(upstream:track)%00%(upstream:remotename)%00%(upstream:remoteref) refs/heads/main refs/remotes/main [1ms]
2024-09-01 18:39:46.456 [info] > git status -z -uall [23ms]
2024-09-01 18:39:49.652 [info] > git check-ignore -v -z --stdin [1ms]
2024-09-01 18:39:51.482 [info] > git config --get commit.template [3ms]
2024-09-01 18:39:51.485 [info] > git for-each-ref --format=%(refname)%00%(upstream:short)%00%(objectname)%00%(upstream:track)%00%(upstream:remotename)%00%(upstream:remoteref) refs/heads/main refs/remotes/main [3ms]
2024-09-01 18:39:51.510 [info] > git status -z -uall [21ms]
2024-09-01 18:39:51.750 [info] > git check-ignore -v -z --stdin [11ms]
2024-09-01 18:39:56.534 [info] > git config --get commit.template [4ms]
2024-09-01 18:39:56.536 [info] > git for-each-ref --format=%(refname)%00%(upstream:short)%00%(objectname)%00%(upstream:track)%00%(upstream:remotename)%00%(upstream:remoteref) refs/heads/main refs/remotes/main [2ms]
2024-09-01 18:39:56.558 [info] > git status -z -uall [20ms]
2024-09-01 18:40:01.581 [info] > git config --get commit.template [5ms]
2024-09-01 18:40:01.582 [info] > git for-each-ref --format=%(refname)%00%(upstream:short)%00%(objectname)%00%(upstream:track)%00%(upstream:remotename)%00%(upstream:remoteref) refs/heads/main refs/remotes/main [2ms]
2024-09-01 18:40:01.609 [info] > git status -z -uall [23ms]
2024-09-01 18:40:03.293 [info] > git check-ignore -v -z --stdin [2ms]
2024-09-01 18:40:06.642 [info] > git config --get commit.template [2ms]
2024-09-01 18:40:06.644 [info] > git for-each-ref --format=%(refname)%00%(upstream:short)%00%(objectname)%00%(upstream:track)%00%(upstream:remotename)%00%(upstream:remoteref) refs/heads/main refs/remotes/main [3ms]
2024-09-01 18:40:06.668 [info] > git status -z -uall [22ms]
2024-09-01 18:40:08.788 [info] > git check-ignore -v -z --stdin [3ms]
2024-09-01 18:40:11.688 [info] > git config --get commit.template [3ms]
2024-09-01 18:40:11.689 [info] > git for-each-ref --format=%(refname)%00%(upstream:short)%00%(objectname)%00%(upstream:track)%00%(upstream:remotename)%00%(upstream:remoteref) refs/heads/main refs/remotes/main [1ms]
2024-09-01 18:40:11.711 [info] > git status -z -uall [20ms]
2024-09-01 18:40:12.918 [info] > git check-ignore -v -z --stdin [5ms]
2024-09-01 18:40:13.648 [info] > git check-ignore -v -z --stdin [1ms]
2024-09-01 18:40:16.470 [info] > git check-ignore -v -z --stdin [2ms]
2024-09-01 18:40:16.731 [info] > git config --get commit.template [5ms]
2024-09-01 18:40:16.735 [info] > git for-each-ref --format=%(refname)%00%(upstream:short)%00%(objectname)%00%(upstream:track)%00%(upstream:remotename)%00%(upstream:remoteref) refs/heads/main refs/remotes/main [4ms]
2024-09-01 18:40:16.759 [info] > git status -z -uall [20ms]
2024-09-01 18:40:21.777 [info] > git config --get commit.template [3ms]
2024-09-01 18:40:21.778 [info] > git for-each-ref --format=%(refname)%00%(upstream:short)%00%(objectname)%00%(upstream:track)%00%(upstream:remotename)%00%(upstream:remoteref) refs/heads/main refs/remotes/main [1ms]
2024-09-01 18:40:21.807 [info] > git status -z -uall [26ms]
2024-09-01 18:40:26.827 [info] > git config --get commit.template [3ms]
2024-09-01 18:40:26.828 [info] > git for-each-ref --format=%(refname)%00%(upstream:short)%00%(objectname)%00%(upstream:track)%00%(upstream:remotename)%00%(upstream:remoteref) refs/heads/main refs/remotes/main [2ms]
2024-09-01 18:40:26.853 [info] > git status -z -uall [22ms]
2024-09-01 18:40:31.874 [info] > git for-each-ref --format=%(refname)%00%(upstream:short)%00%(objectname)%00%(upstream:track)%00%(upstream:remotename)%00%(upstream:remoteref) refs/heads/main refs/remotes/main [0ms]
2024-09-01 18:40:31.874 [info] > git config --get commit.template [5ms]
2024-09-01 18:40:31.898 [info] > git status -z -uall [22ms]
2024-09-01 18:40:36.917 [info] > git config --get commit.template [4ms]
2024-09-01 18:40:36.918 [info] > git for-each-ref --format=%(refname)%00%(upstream:short)%00%(objectname)%00%(upstream:track)%00%(upstream:remotename)%00%(upstream:remoteref) refs/heads/main refs/remotes/main [1ms]
2024-09-01 18:40:36.940 [info] > git status -z -uall [19ms]
2024-09-01 18:40:41.958 [info] > git config --get commit.template [0ms]
2024-09-01 18:40:41.962 [info] > git for-each-ref --format=%(refname)%00%(upstream:short)%00%(objectname)%00%(upstream:track)%00%(upstream:remotename)%00%(upstream:remoteref) refs/heads/main refs/remotes/main [2ms]
2024-09-01 18:40:41.985 [info] > git status -z -uall [20ms]
2024-09-01 18:40:47.005 [info] > git config --get commit.template [4ms]
2024-09-01 18:40:47.006 [info] > git for-each-ref --format=%(refname)%00%(upstream:short)%00%(objectname)%00%(upstream:track)%00%(upstream:remotename)%00%(upstream:remoteref) refs/heads/main refs/remotes/main [1ms]
2024-09-01 18:40:47.029 [info] > git status -z -uall [18ms]
2024-09-01 18:40:52.049 [info] > git config --get commit.template [3ms]
2024-09-01 18:40:52.050 [info] > git for-each-ref --format=%(refname)%00%(upstream:short)%00%(objectname)%00%(upstream:track)%00%(upstream:remotename)%00%(upstream:remoteref) refs/heads/main refs/remotes/main [2ms]
2024-09-01 18:40:52.071 [info] > git status -z -uall [19ms]
2024-09-01 18:40:57.091 [info] > git config --get commit.template [3ms]
2024-09-01 18:40:57.092 [info] > git for-each-ref --format=%(refname)%00%(upstream:short)%00%(objectname)%00%(upstream:track)%00%(upstream:remotename)%00%(upstream:remoteref) refs/heads/main refs/remotes/main [1ms]
2024-09-01 18:40:57.117 [info] > git status -z -uall [21ms]
2024-09-01 18:41:02.143 [info] > git config --get commit.template [3ms]
2024-09-01 18:41:02.144 [info] > git for-each-ref --format=%(refname)%00%(upstream:short)%00%(objectname)%00%(upstream:track)%00%(upstream:remotename)%00%(upstream:remoteref) refs/heads/main refs/remotes/main [1ms]
2024-09-01 18:41:02.169 [info] > git status -z -uall [22ms]
2024-09-01 18:41:07.188 [info] > git config --get commit.template [2ms]
2024-09-01 18:41:07.189 [info] > git for-each-ref --format=%(refname)%00%(upstream:short)%00%(objectname)%00%(upstream:track)%00%(upstream:remotename)%00%(upstream:remoteref) refs/heads/main refs/remotes/main [1ms]
2024-09-01 18:41:07.212 [info] > git status -z -uall [20ms]
2024-09-01 18:41:12.233 [info] > git config --get commit.template [3ms]
2024-09-01 18:41:12.234 [info] > git for-each-ref --format=%(refname)%00%(upstream:short)%00%(objectname)%00%(upstream:track)%00%(upstream:remotename)%00%(upstream:remoteref) refs/heads/main refs/remotes/main [2ms]
2024-09-01 18:41:12.257 [info] > git status -z -uall [19ms]
2024-09-01 18:41:16.607 [info] > git merge-base refs/heads/main refs/remotes/origin/main [2ms]
2024-09-01 18:41:16.612 [info] > git rev-list --count --left-right refs/heads/main...refs/remotes/origin/main [2ms]
2024-09-01 18:41:17.276 [info] > git config --get commit.template [3ms]
2024-09-01 18:41:17.277 [info] > git for-each-ref --format=%(refname)%00%(upstream:short)%00%(objectname)%00%(upstream:track)%00%(upstream:remotename)%00%(upstream:remoteref) refs/heads/main refs/remotes/main [2ms]
2024-09-01 18:41:17.298 [info] > git status -z -uall [19ms]
2024-09-01 18:41:20.345 [info] > git check-ignore -v -z --stdin [2ms]
2024-09-01 18:41:22.322 [info] > git config --get commit.template [5ms]
2024-09-01 18:41:22.323 [info] > git for-each-ref --format=%(refname)%00%(upstream:short)%00%(objectname)%00%(upstream:track)%00%(upstream:remotename)%00%(upstream:remoteref) refs/heads/main refs/remotes/main [2ms]
2024-09-01 18:41:22.347 [info] > git status -z -uall [21ms]
2024-09-01 18:41:23.726 [info] > git check-ignore -v -z --stdin [1ms]
2024-09-01 18:41:25.206 [info] > git check-ignore -v -z --stdin [3ms]
2024-09-01 18:41:27.365 [info] > git config --get commit.template [2ms]
2024-09-01 18:41:27.366 [info] > git for-each-ref --format=%(refname)%00%(upstream:short)%00%(objectname)%00%(upstream:track)%00%(upstream:remotename)%00%(upstream:remoteref) refs/heads/main refs/remotes/main [1ms]
2024-09-01 18:41:27.392 [info] > git status -z -uall [24ms]
2024-09-01 18:41:29.522 [info] > git check-ignore -v -z --stdin [2ms]
2024-09-01 18:41:31.252 [info] > git check-ignore -v -z --stdin [2ms]
2024-09-01 18:41:32.428 [info] > git config --get commit.template [4ms]
2024-09-01 18:41:32.429 [info] > git for-each-ref --format=%(refname)%00%(upstream:short)%00%(objectname)%00%(upstream:track)%00%(upstream:remotename)%00%(upstream:remoteref) refs/heads/main refs/remotes/main [2ms]
2024-09-01 18:41:32.452 [info] > git status -z -uall [18ms]
2024-09-01 18:43:23.499 [info] > git config --get commit.template [3ms]
2024-09-01 18:43:23.500 [info] > git for-each-ref --format=%(refname)%00%(upstream:short)%00%(objectname)%00%(upstream:track)%00%(upstream:remotename)%00%(upstream:remoteref) refs/heads/main refs/remotes/main [2ms]
2024-09-01 18:43:23.523 [info] > git status -z -uall [19ms]
2024-09-01 18:43:24.269 [info] > git check-ignore -v -z --stdin [1ms]
2024-09-01 18:43:28.547 [info] > git config --get commit.template [3ms]
2024-09-01 18:43:28.548 [info] > git for-each-ref --format=%(refname)%00%(upstream:short)%00%(objectname)%00%(upstream:track)%00%(upstream:remotename)%00%(upstream:remoteref) refs/heads/main refs/remotes/main [1ms]
2024-09-01 18:43:28.570 [info] > git status -z -uall [19ms]
2024-09-01 18:43:33.592 [info] > git config --get commit.template [4ms]
2024-09-01 18:43:33.593 [info] > git for-each-ref --format=%(refname)%00%(upstream:short)%00%(objectname)%00%(upstream:track)%00%(upstream:remotename)%00%(upstream:remoteref) refs/heads/main refs/remotes/main [1ms]
2024-09-01 18:43:33.616 [info] > git status -z -uall [20ms]
2024-09-01 18:43:35.397 [info] > git check-ignore -v -z --stdin [1ms]
2024-09-01 18:43:38.939 [info] > git config --get commit.template [3ms]
2024-09-01 18:43:38.940 [info] > git for-each-ref --format=%(refname)%00%(upstream:short)%00%(objectname)%00%(upstream:track)%00%(upstream:remotename)%00%(upstream:remoteref) refs/heads/main refs/remotes/main [1ms]
2024-09-01 18:43:38.962 [info] > git status -z -uall [20ms]
2024-09-01 18:43:43.982 [info] > git config --get commit.template [3ms]
2024-09-01 18:43:43.983 [info] > git for-each-ref --format=%(refname)%00%(upstream:short)%00%(objectname)%00%(upstream:track)%00%(upstream:remotename)%00%(upstream:remoteref) refs/heads/main refs/remotes/main [1ms]
2024-09-01 18:43:44.005 [info] > git status -z -uall [20ms]
2024-09-01 18:43:49.023 [info] > git config --get commit.template [4ms]
2024-09-01 18:43:49.024 [info] > git for-each-ref --format=%(refname)%00%(upstream:short)%00%(objectname)%00%(upstream:track)%00%(upstream:remotename)%00%(upstream:remoteref) refs/heads/main refs/remotes/main [2ms]
2024-09-01 18:43:49.060 [info] > git status -z -uall [33ms]
2024-09-01 18:43:54.079 [info] > git config --get commit.template [3ms]
2024-09-01 18:43:54.079 [info] > git for-each-ref --format=%(refname)%00%(upstream:short)%00%(objectname)%00%(upstream:track)%00%(upstream:remotename)%00%(upstream:remoteref) refs/heads/main refs/remotes/main [1ms]
2024-09-01 18:43:54.102 [info] > git status -z -uall [19ms]
2024-09-01 18:43:59.638 [info] > git config --get commit.template [3ms]
2024-09-01 18:43:59.639 [info] > git for-each-ref --format=%(refname)%00%(upstream:short)%00%(objectname)%00%(upstream:track)%00%(upstream:remotename)%00%(upstream:remoteref) refs/heads/main refs/remotes/main [2ms]
2024-09-01 18:43:59.665 [info] > git status -z -uall [19ms]
2024-09-01 18:44:08.913 [info] > git config --get commit.template [5ms]
2024-09-01 18:44:08.913 [info] > git for-each-ref --format=%(refname)%00%(upstream:short)%00%(objectname)%00%(upstream:track)%00%(upstream:remotename)%00%(upstream:remoteref) refs/heads/main refs/remotes/main [1ms]
2024-09-01 18:44:08.936 [info] > git status -z -uall [19ms]
2024-09-01 18:44:13.952 [info] > git config --get commit.template [3ms]
2024-09-01 18:44:13.953 [info] > git for-each-ref --format=%(refname)%00%(upstream:short)%00%(objectname)%00%(upstream:track)%00%(upstream:remotename)%00%(upstream:remoteref) refs/heads/main refs/remotes/main [1ms]
2024-09-01 18:44:13.974 [info] > git status -z -uall [19ms]
2024-09-01 18:44:18.992 [info] > git config --get commit.template [2ms]
2024-09-01 18:44:18.992 [info] > git for-each-ref --format=%(refname)%00%(upstream:short)%00%(objectname)%00%(upstream:track)%00%(upstream:remotename)%00%(upstream:remoteref) refs/heads/main refs/remotes/main [1ms]
2024-09-01 18:44:19.014 [info] > git status -z -uall [19ms]
2024-09-01 18:44:24.032 [info] > git config --get commit.template [4ms]
2024-09-01 18:44:24.033 [info] > git for-each-ref --format=%(refname)%00%(upstream:short)%00%(objectname)%00%(upstream:track)%00%(upstream:remotename)%00%(upstream:remoteref) refs/heads/main refs/remotes/main [1ms]
2024-09-01 18:44:24.055 [info] > git status -z -uall [19ms]
2024-09-01 18:44:41.160 [info] > git config --get commit.template [3ms]
2024-09-01 18:44:41.160 [info] > git for-each-ref --format=%(refname)%00%(upstream:short)%00%(objectname)%00%(upstream:track)%00%(upstream:remotename)%00%(upstream:remoteref) refs/heads/main refs/remotes/main [1ms]
2024-09-01 18:44:41.183 [info] > git status -z -uall [20ms]
2024-09-01 18:44:46.205 [info] > git config --get commit.template [3ms]
2024-09-01 18:44:46.206 [info] > git for-each-ref --format=%(refname)%00%(upstream:short)%00%(objectname)%00%(upstream:track)%00%(upstream:remotename)%00%(upstream:remoteref) refs/heads/main refs/remotes/main [2ms]
2024-09-01 18:44:46.228 [info] > git status -z -uall [20ms]
2024-09-01 18:44:51.248 [info] > git config --get commit.template [4ms]
2024-09-01 18:44:51.249 [info] > git for-each-ref --format=%(refname)%00%(upstream:short)%00%(objectname)%00%(upstream:track)%00%(upstream:remotename)%00%(upstream:remoteref) refs/heads/main refs/remotes/main [1ms]
2024-09-01 18:44:51.275 [info] > git status -z -uall [23ms]
2024-09-01 18:44:56.300 [info] > git config --get commit.template [2ms]
2024-09-01 18:44:56.301 [info] > git for-each-ref --format=%(refname)%00%(upstream:short)%00%(objectname)%00%(upstream:track)%00%(upstream:remotename)%00%(upstream:remoteref) refs/heads/main refs/remotes/main [1ms]
2024-09-01 18:44:56.321 [info] > git status -z -uall [18ms]
2024-09-01 18:45:01.341 [info] > git config --get commit.template [2ms]
2024-09-01 18:45:01.346 [info] > git for-each-ref --format=%(refname)%00%(upstream:short)%00%(objectname)%00%(upstream:track)%00%(upstream:remotename)%00%(upstream:remoteref) refs/heads/main refs/remotes/main [2ms]
2024-09-01 18:45:01.373 [info] > git status -z -uall [22ms]
2024-09-01 18:45:06.394 [info] > git config --get commit.template [3ms]
2024-09-01 18:45:06.396 [info] > git for-each-ref --format=%(refname)%00%(upstream:short)%00%(objectname)%00%(upstream:track)%00%(upstream:remotename)%00%(upstream:remoteref) refs/heads/main refs/remotes/main [1ms]
2024-09-01 18:45:06.420 [info] > git status -z -uall [21ms]
2024-09-01 18:45:11.440 [info] > git config --get commit.template [4ms]
2024-09-01 18:45:11.442 [info] > git for-each-ref --format=%(refname)%00%(upstream:short)%00%(objectname)%00%(upstream:track)%00%(upstream:remotename)%00%(upstream:remoteref) refs/heads/main refs/remotes/main [1ms]
2024-09-01 18:45:11.465 [info] > git status -z -uall [19ms]
2024-09-01 18:45:16.483 [info] > git config --get commit.template [3ms]
2024-09-01 18:45:16.484 [info] > git for-each-ref --format=%(refname)%00%(upstream:short)%00%(objectname)%00%(upstream:track)%00%(upstream:remotename)%00%(upstream:remoteref) refs/heads/main refs/remotes/main [2ms]
2024-09-01 18:45:16.506 [info] > git status -z -uall [19ms]
2024-09-01 18:45:21.525 [info] > git config --get commit.template [4ms]
2024-09-01 18:45:21.526 [info] > git for-each-ref --format=%(refname)%00%(upstream:short)%00%(objectname)%00%(upstream:track)%00%(upstream:remotename)%00%(upstream:remoteref) refs/heads/main refs/remotes/main [2ms]
2024-09-01 18:45:21.548 [info] > git status -z -uall [19ms]
2024-09-01 18:45:26.565 [info] > git config --get commit.template [3ms]
2024-09-01 18:45:26.566 [info] > git for-each-ref --format=%(refname)%00%(upstream:short)%00%(objectname)%00%(upstream:track)%00%(upstream:remotename)%00%(upstream:remoteref) refs/heads/main refs/remotes/main [2ms]
2024-09-01 18:45:26.589 [info] > git status -z -uall [20ms]
2024-09-01 18:46:01.689 [info] > git config --get commit.template [3ms]
2024-09-01 18:46:01.691 [info] > git for-each-ref --format=%(refname)%00%(upstream:short)%00%(objectname)%00%(upstream:track)%00%(upstream:remotename)%00%(upstream:remoteref) refs/heads/main refs/remotes/main [2ms]
2024-09-01 18:46:01.718 [info] > git status -z -uall [23ms]
2024-09-01 18:46:06.742 [info] > git config --get commit.template [4ms]
2024-09-01 18:46:06.745 [info] > git for-each-ref --format=%(refname)%00%(upstream:short)%00%(objectname)%00%(upstream:track)%00%(upstream:remotename)%00%(upstream:remoteref) refs/heads/main refs/remotes/main [3ms]
2024-09-01 18:46:06.775 [info] > git status -z -uall [27ms]
2024-09-01 18:46:11.803 [info] > git config --get commit.template [4ms]
2024-09-01 18:46:11.805 [info] > git for-each-ref --format=%(refname)%00%(upstream:short)%00%(objectname)%00%(upstream:track)%00%(upstream:remotename)%00%(upstream:remoteref) refs/heads/main refs/remotes/main [2ms]
2024-09-01 18:46:11.831 [info] > git status -z -uall [23ms]
2024-09-01 18:46:16.854 [info] > git config --get commit.template [1ms]
2024-09-01 18:46:16.859 [info] > git for-each-ref --format=%(refname)%00%(upstream:short)%00%(objectname)%00%(upstream:track)%00%(upstream:remotename)%00%(upstream:remoteref) refs/heads/main refs/remotes/main [2ms]
2024-09-01 18:46:16.880 [info] > git status -z -uall [18ms]
2024-09-01 18:46:21.898 [info] > git config --get commit.template [3ms]
2024-09-01 18:46:21.899 [info] > git for-each-ref --format=%(refname)%00%(upstream:short)%00%(objectname)%00%(upstream:track)%00%(upstream:remotename)%00%(upstream:remoteref) refs/heads/main refs/remotes/main [2ms]
2024-09-01 18:46:21.925 [info] > git status -z -uall [22ms]
2024-09-01 18:46:26.945 [info] > git config --get commit.template [3ms]
2024-09-01 18:46:26.946 [info] > git for-each-ref --format=%(refname)%00%(upstream:short)%00%(objectname)%00%(upstream:track)%00%(upstream:remotename)%00%(upstream:remoteref) refs/heads/main refs/remotes/main [2ms]
2024-09-01 18:46:26.967 [info] > git status -z -uall [18ms]
2024-09-01 18:46:31.985 [info] > git config --get commit.template [3ms]
2024-09-01 18:46:31.987 [info] > git for-each-ref --format=%(refname)%00%(upstream:short)%00%(objectname)%00%(upstream:track)%00%(upstream:remotename)%00%(upstream:remoteref) refs/heads/main refs/remotes/main [2ms]
2024-09-01 18:46:32.008 [info] > git status -z -uall [19ms]
2024-09-01 18:46:37.028 [info] > git config --get commit.template [3ms]
2024-09-01 18:46:37.030 [info] > git for-each-ref --format=%(refname)%00%(upstream:short)%00%(objectname)%00%(upstream:track)%00%(upstream:remotename)%00%(upstream:remoteref) refs/heads/main refs/remotes/main [3ms]
2024-09-01 18:46:37.049 [info] > git status -z -uall [17ms]
2024-09-01 18:46:42.065 [info] > git config --get commit.template [2ms]
2024-09-01 18:46:42.066 [info] > git for-each-ref --format=%(refname)%00%(upstream:short)%00%(objectname)%00%(upstream:track)%00%(upstream:remotename)%00%(upstream:remoteref) refs/heads/main refs/remotes/main [1ms]
2024-09-01 18:46:42.087 [info] > git status -z -uall [18ms]
2024-09-01 18:46:47.103 [info] > git config --get commit.template [2ms]
2024-09-01 18:46:47.105 [info] > git for-each-ref --format=%(refname)%00%(upstream:short)%00%(objectname)%00%(upstream:track)%00%(upstream:remotename)%00%(upstream:remoteref) refs/heads/main refs/remotes/main [1ms]
2024-09-01 18:46:47.126 [info] > git status -z -uall [19ms]
2024-09-01 18:46:52.142 [info] > git config --get commit.template [2ms]
2024-09-01 18:46:52.143 [info] > git for-each-ref --format=%(refname)%00%(upstream:short)%00%(objectname)%00%(upstream:track)%00%(upstream:remotename)%00%(upstream:remoteref) refs/heads/main refs/remotes/main [1ms]
2024-09-01 18:46:52.163 [info] > git status -z -uall [18ms]
2024-09-01 18:46:57.179 [info] > git config --get commit.template [2ms]
2024-09-01 18:46:57.180 [info] > git for-each-ref --format=%(refname)%00%(upstream:short)%00%(objectname)%00%(upstream:track)%00%(upstream:remotename)%00%(upstream:remoteref) refs/heads/main refs/remotes/main [1ms]
2024-09-01 18:46:57.200 [info] > git status -z -uall [17ms]
2024-09-01 18:47:15.618 [info] > git config --get commit.template [3ms]
2024-09-01 18:47:15.619 [info] > git for-each-ref --format=%(refname)%00%(upstream:short)%00%(objectname)%00%(upstream:track)%00%(upstream:remotename)%00%(upstream:remoteref) refs/heads/main refs/remotes/main [2ms]
2024-09-01 18:47:15.639 [info] > git status -z -uall [18ms]
2024-09-01 18:47:20.654 [warning] ENOENT: no such file or directory, open '/home/dev/.git/HEAD'
2024-09-01 18:47:20.656 [warning] getRemotes() - ENOENT: no such file or directory, open '/home/dev/.git/config'
2024-09-01 18:47:20.660 [info] > git config --get commit.template [1ms]
2024-09-01 18:47:20.660 [info] > git remote --verbose [4ms]
2024-09-01 18:47:20.660 [info] fatal: not a git repository (or any of the parent directories): .git
2024-09-01 18:47:20.662 [info] > git symbolic-ref --short HEAD [8ms]
2024-09-01 18:47:20.662 [info] fatal: not a git repository (or any of the parent directories): .git
2024-09-01 18:47:20.667 [warning] ENOENT: no such file or directory, open '/home/dev/.git/HEAD'
2024-09-01 18:47:20.669 [warning] getRemotes() - ENOENT: no such file or directory, open '/home/dev/.git/config'
2024-09-01 18:47:20.672 [info] > git remote --verbose [3ms]
2024-09-01 18:47:20.673 [info] fatal: not a git repository (or any of the parent directories): .git
2024-09-01 18:47:20.673 [info] > git symbolic-ref --short HEAD [7ms]
2024-09-01 18:47:20.673 [info] fatal: not a git repository (or any of the parent directories): .git
2024-09-01 18:47:20.675 [info] > git rev-parse HEAD [11ms]
2024-09-01 18:47:20.675 [info] fatal: not a git repository (or any of the parent directories): .git
2024-09-01 18:47:20.676 [info] > git config --get commit.template [4ms]
2024-09-01 18:47:20.676 [info] > git rev-parse HEAD [1ms]
2024-09-01 18:47:20.676 [info] fatal: not a git repository (or any of the parent directories): .git
2024-09-01 18:49:23.178 [info] > git rev-parse --show-toplevel [1ms]
2024-09-01 18:49:23.178 [info] fatal: not a git repository (or any of the parent directories): .git
2024-09-01 19:06:22.003 [info] > git rev-parse --show-toplevel [2ms]
2024-09-01 19:06:22.003 [info] fatal: not a git repository (or any of the parent directories): .git
2024-09-01 19:06:37.620 [info] > git rev-parse --show-toplevel [1ms]
2024-09-01 19:06:37.621 [info] fatal: not a git repository (or any of the parent directories): .git
